<testsuite errors="0" failures="0" name="Django Project Tests" skips="0" tests="30" time="0.512"><testcase classname="treasurer_tools.bank_reconciliation.tests.test_models.ReconciliationMatchModelTest" name="test_string_representation" time="0.011520" /><testcase classname="treasurer_tools.bank_reconciliation.tests.test_utils.BankReconciliationObjectTest" name="test_error_on_already_matched_bank_id" time="0.032057" /><testcase classname="treasurer_tools.bank_reconciliation.tests.test_utils.BankReconciliationObjectTest" name="test_error_on_already_matched_financial_id" time="0.008014" /><testcase classname="treasurer_tools.bank_reconciliation.tests.test_utils.BankReconciliationObjectTest" name="test_error_on_invalid_bank_id_format" time="0.005511" /><testcase classname="treasurer_tools.bank_reconciliation.tests.test_utils.BankReconciliationObjectTest" name="test_error_on_invalid_financial_id_format" time="0.005510" /><testcase classname="treasurer_tools.bank_reconciliation.tests.test_utils.BankReconciliationObjectTest" name="test_error_on_invalid_raw_data" time="0.004508" /><testcase classname="treasurer_tools.bank_reconciliation.tests.test_utils.BankReconciliationObjectTest" name="test_error_on_missing_bank_id_key" time="0.005510" /><testcase classname="treasurer_tools.bank_reconciliation.tests.test_utils.BankReconciliationObjectTest" name="test_error_on_missing_bank_ids" time="0.005009" /><testcase classname="treasurer_tools.bank_reconciliation.tests.test_utils.BankReconciliationObjectTest" name="test_error_on_missing_financial_id_key" time="0.005509" /><testcase classname="treasurer_tools.bank_reconciliation.tests.test_utils.BankReconciliationObjectTest" name="test_error_on_missing_financial_ids" time="0.005009" /><testcase classname="treasurer_tools.bank_reconciliation.tests.test_utils.BankReconciliationObjectTest" name="test_error_on_nonexistent_bank_id" time="0.006011" /><testcase classname="treasurer_tools.bank_reconciliation.tests.test_utils.BankReconciliationObjectTest" name="test_error_on_nonexistent_financial_id" time="0.005510" /><testcase classname="treasurer_tools.bank_reconciliation.tests.test_utils.BankReconciliationObjectTest" name="test_error_on_unmatched_bank_id" time="0.006512" /><testcase classname="treasurer_tools.bank_reconciliation.tests.test_utils.BankReconciliationObjectTest" name="test_error_on_unmatched_financial_id" time="0.007514" /><testcase classname="treasurer_tools.bank_reconciliation.tests.test_utils.BankReconciliationObjectTest" name="test_is_valid_with_valid_data" time="0.006011" /><testcase classname="treasurer_tools.bank_reconciliation.tests.test_utils.BankReconciliationObjectTest" name="test_match_success_database_changes" time="0.009016" /><testcase classname="treasurer_tools.bank_reconciliation.tests.test_utils.BankReconciliationObjectTest" name="test_match_success_response_on_valid_data" time="0.006011" /><testcase classname="treasurer_tools.bank_reconciliation.tests.test_utils.BankReconciliationObjectTest" name="test_unmatch_success_database_changes" time="0.009016" /><testcase classname="treasurer_tools.bank_reconciliation.tests.test_utils.BankReconciliationObjectTest" name="test_unmatch_success_response_on_valid_data" time="0.006511" /><testcase classname="treasurer_tools.bank_reconciliation.tests.test_utils.ReturnTransactionsAsJSONTest" name="test_error_on_missing_transaction_type" time="0.007514" /><testcase classname="treasurer_tools.bank_reconciliation.tests.test_utils.ReturnTransactionsAsJSONTest" name="test_error_response_on_invalid_transaction_type" time="0.004508" /><testcase classname="treasurer_tools.bank_reconciliation.tests.test_utils.ReturnTransactionsAsJSONTest" name="test_proper_json_response_on_valid_bank_data" time="0.008014" /><testcase classname="treasurer_tools.bank_reconciliation.tests.test_utils.ReturnTransactionsAsJSONTest" name="test_proper_json_response_on_valid_financial_data" time="0.012021" /><testcase classname="treasurer_tools.bank_reconciliation.tests.test_views.ReconciliationDashboardTest" name="test_dashboard_accessible_by_name" time="0.081645" /><testcase classname="treasurer_tools.bank_reconciliation.tests.test_views.ReconciliationDashboardTest" name="test_dashboard_redirect_if_not_logged_in" time="0.015528" /><testcase classname="treasurer_tools.bank_reconciliation.tests.test_views.ReconciliationDashboardTest" name="test_dashboard_template" time="0.008014" /><testcase classname="treasurer_tools.bank_reconciliation.tests.test_views.ReconciliationDashboardTest" name="test_dashboard_url_exists_at_desired_location" time="0.008014" /><testcase classname="treasurer_tools.bank_reconciliation.tests.test_views.ReconciliationMatchTest" name="test_redirect_if_not_logged_in" time="0.005009" /><testcase classname="treasurer_tools.bank_reconciliation.tests.test_views.ReconciliationRetrieveTest" name="test_dashboard_redirect_if_not_logged_in" time="0.006511" /><testcase classname="treasurer_tools.bank_reconciliation.tests.test_views.ReconciliationUnmatchTest" name="test_redirect_if_not_logged_in" time="0.004508" /></testsuite>